[0.022s] Invoking command in '/home/tom/humble_ws/p3dx_ws/build/p3dx_navigation': CMAKE_PREFIX_PATH=/opt/ros/humble /usr/bin/cmake /home/tom/humble_ws/p3dx_ws/src/p3dx_navigation -DCMAKE_INSTALL_PREFIX=/home/tom/humble_ws/p3dx_ws/install/p3dx_navigation
[0.232s] -- The C compiler identification is GNU 11.4.0
[0.380s] -- The CXX compiler identification is GNU 11.4.0
[0.397s] -- Detecting C compiler ABI info
[0.528s] -- Detecting C compiler ABI info - done
[0.538s] -- Check for working C compiler: /usr/bin/cc - skipped
[0.539s] -- Detecting C compile features
[0.540s] -- Detecting C compile features - done
[0.545s] -- Detecting CXX compiler ABI info
[0.684s] -- Detecting CXX compiler ABI info - done
[0.694s] -- Check for working CXX compiler: /usr/bin/c++ - skipped
[0.695s] -- Detecting CXX compile features
[0.695s] -- Detecting CXX compile features - done
[0.708s] -- Found ament_cmake: 1.3.10 (/opt/ros/humble/share/ament_cmake/cmake)
[0.934s] -- Found Python3: /usr/bin/python3 (found version "3.10.12") found components: Interpreter 
[1.096s] -- Found rclpy: 3.3.14 (/opt/ros/humble/share/rclpy/cmake)
[1.100s] -- Found sensor_msgs: 4.2.4 (/opt/ros/humble/share/sensor_msgs/cmake)
[1.186s] -- Found rosidl_generator_c: 3.1.5 (/opt/ros/humble/share/rosidl_generator_c/cmake)
[1.199s] -- Found rosidl_adapter: 3.1.5 (/opt/ros/humble/share/rosidl_adapter/cmake)
[1.218s] -- Found rosidl_generator_cpp: 3.1.5 (/opt/ros/humble/share/rosidl_generator_cpp/cmake)
[1.246s] -- Using all available rosidl_typesupport_c: rosidl_typesupport_fastrtps_c;rosidl_typesupport_introspection_c
[1.279s] -- Using all available rosidl_typesupport_cpp: rosidl_typesupport_fastrtps_cpp;rosidl_typesupport_introspection_cpp
[1.389s] -- Found ament_lint_auto: 0.12.11 (/opt/ros/humble/share/ament_lint_auto/cmake)
[1.518s] -- Added test 'flake8' to check Python code syntax and style conventions
[1.520s] -- Added test 'lint_cmake' to check CMake code style
[1.521s] -- Added test 'pep257' to check Python code against some of the docstring style conventions in PEP 257
[1.529s] -- Added test 'xmllint' to check XML markup files
[1.532s] -- Configuring done
[1.540s] -- Generating done
[1.542s] -- Build files have been written to: /home/tom/humble_ws/p3dx_ws/build/p3dx_navigation
[1.550s] Invoked command in '/home/tom/humble_ws/p3dx_ws/build/p3dx_navigation' returned '0': CMAKE_PREFIX_PATH=/opt/ros/humble /usr/bin/cmake /home/tom/humble_ws/p3dx_ws/src/p3dx_navigation -DCMAKE_INSTALL_PREFIX=/home/tom/humble_ws/p3dx_ws/install/p3dx_navigation
[1.553s] Invoking command in '/home/tom/humble_ws/p3dx_ws/build/p3dx_navigation': CMAKE_PREFIX_PATH=/opt/ros/humble /usr/bin/cmake --build /home/tom/humble_ws/p3dx_ws/build/p3dx_navigation -- -j12 -l12
[1.615s] Invoked command in '/home/tom/humble_ws/p3dx_ws/build/p3dx_navigation' returned '0': CMAKE_PREFIX_PATH=/opt/ros/humble /usr/bin/cmake --build /home/tom/humble_ws/p3dx_ws/build/p3dx_navigation -- -j12 -l12
[1.669s] Invoking command in '/home/tom/humble_ws/p3dx_ws/build/p3dx_navigation': CMAKE_PREFIX_PATH=/opt/ros/humble /usr/bin/cmake --install /home/tom/humble_ws/p3dx_ws/build/p3dx_navigation
[1.680s] -- Install configuration: ""
[1.680s] -- Installing: /home/tom/humble_ws/p3dx_ws/install/p3dx_navigation/lib/p3dx_navigation
[1.680s] -- Installing: /home/tom/humble_ws/p3dx_ws/install/p3dx_navigation/share/p3dx_navigation/launch
[1.680s] -- Installing: /home/tom/humble_ws/p3dx_ws/install/p3dx_navigation/share/p3dx_navigation/launch/start.matcher.launch.py
[1.689s] -- Installing: /home/tom/humble_ws/p3dx_ws/install/p3dx_navigation/share/p3dx_navigation/launch/localization_launch.py
[1.689s] -- Installing: /home/tom/humble_ws/p3dx_ws/install/p3dx_navigation/share/p3dx_navigation/launch/p3dx_description_ros2.launch copy.py
[1.690s] -- Installing: /home/tom/humble_ws/p3dx_ws/install/p3dx_navigation/share/p3dx_navigation/launch/p3dx_description_ros2.launch.py
[1.690s] -- Installing: /home/tom/humble_ws/p3dx_ws/install/p3dx_navigation/share/p3dx_navigation/launch/teleop_keyboard_launch.py
[1.691s] -- Installing: /home/tom/humble_ws/p3dx_ws/install/p3dx_navigation/share/p3dx_navigation/launch/twist_mux_launch.py
[1.691s] -- Installing: /home/tom/humble_ws/p3dx_ws/install/p3dx_navigation/share/p3dx_navigation/launch/joystick_launch.py
[1.691s] -- Installing: /home/tom/humble_ws/p3dx_ws/install/p3dx_navigation/share/p3dx_navigation/launch/online_async_launch.py
[1.692s] -- Installing: /home/tom/humble_ws/p3dx_ws/install/p3dx_navigation/share/p3dx_navigation/launch/navigation_launch.py
[1.692s] -- Installing: /home/tom/humble_ws/p3dx_ws/install/p3dx_navigation/share/p3dx_navigation/config
[1.692s] -- Installing: /home/tom/humble_ws/p3dx_ws/install/p3dx_navigation/share/p3dx_navigation/config/twist_mux.yaml
[1.693s] -- Installing: /home/tom/humble_ws/p3dx_ws/install/p3dx_navigation/share/p3dx_navigation/config/nav2_params.yaml
[1.693s] -- Installing: /home/tom/humble_ws/p3dx_ws/install/p3dx_navigation/share/p3dx_navigation/config/mapper_params_online_async.yaml
[1.693s] -- Installing: /home/tom/humble_ws/p3dx_ws/install/p3dx_navigation/share/p3dx_navigation/config/nav2_params_forCollisionMonitor.yaml
[1.693s] -- Installing: /home/tom/humble_ws/p3dx_ws/install/p3dx_navigation/share/p3dx_navigation/config/ekf.yaml
[1.694s] -- Installing: /home/tom/humble_ws/p3dx_ws/install/p3dx_navigation/share/p3dx_navigation/config/collision_monitor_params.yaml
[1.694s] -- Installing: /home/tom/humble_ws/p3dx_ws/install/p3dx_navigation/share/p3dx_navigation/config/params.yaml
[1.694s] -- Installing: /home/tom/humble_ws/p3dx_ws/install/p3dx_navigation/share/p3dx_navigation/config/joystick.yaml
[1.695s] -- Installing: /home/tom/humble_ws/p3dx_ws/install/p3dx_navigation/share/p3dx_navigation/rviz
[1.695s] -- Installing: /home/tom/humble_ws/p3dx_ws/install/p3dx_navigation/share/p3dx_navigation/rviz/rviz2_launch_config.rviz
[1.695s] -- Installing: /home/tom/humble_ws/p3dx_ws/install/p3dx_navigation/share/p3dx_navigation/rviz/nav2_default_view.rviz
[1.696s] -- Installing: /home/tom/humble_ws/p3dx_ws/install/p3dx_navigation/share/ament_index/resource_index/package_run_dependencies/p3dx_navigation
[1.696s] -- Installing: /home/tom/humble_ws/p3dx_ws/install/p3dx_navigation/share/ament_index/resource_index/parent_prefix_path/p3dx_navigation
[1.697s] -- Installing: /home/tom/humble_ws/p3dx_ws/install/p3dx_navigation/share/p3dx_navigation/environment/ament_prefix_path.sh
[1.697s] -- Installing: /home/tom/humble_ws/p3dx_ws/install/p3dx_navigation/share/p3dx_navigation/environment/ament_prefix_path.dsv
[1.697s] -- Installing: /home/tom/humble_ws/p3dx_ws/install/p3dx_navigation/share/p3dx_navigation/environment/path.sh
[1.697s] -- Installing: /home/tom/humble_ws/p3dx_ws/install/p3dx_navigation/share/p3dx_navigation/environment/path.dsv
[1.698s] -- Installing: /home/tom/humble_ws/p3dx_ws/install/p3dx_navigation/share/p3dx_navigation/local_setup.bash
[1.698s] -- Installing: /home/tom/humble_ws/p3dx_ws/install/p3dx_navigation/share/p3dx_navigation/local_setup.sh
[1.698s] -- Installing: /home/tom/humble_ws/p3dx_ws/install/p3dx_navigation/share/p3dx_navigation/local_setup.zsh
[1.698s] -- Installing: /home/tom/humble_ws/p3dx_ws/install/p3dx_navigation/share/p3dx_navigation/local_setup.dsv
[1.699s] -- Installing: /home/tom/humble_ws/p3dx_ws/install/p3dx_navigation/share/p3dx_navigation/package.dsv
[1.699s] -- Installing: /home/tom/humble_ws/p3dx_ws/install/p3dx_navigation/share/ament_index/resource_index/packages/p3dx_navigation
[1.699s] -- Installing: /home/tom/humble_ws/p3dx_ws/install/p3dx_navigation/share/p3dx_navigation/cmake/p3dx_navigationConfig.cmake
[1.699s] -- Installing: /home/tom/humble_ws/p3dx_ws/install/p3dx_navigation/share/p3dx_navigation/cmake/p3dx_navigationConfig-version.cmake
[1.700s] -- Installing: /home/tom/humble_ws/p3dx_ws/install/p3dx_navigation/share/p3dx_navigation/package.xml
[1.704s] Invoked command in '/home/tom/humble_ws/p3dx_ws/build/p3dx_navigation' returned '0': CMAKE_PREFIX_PATH=/opt/ros/humble /usr/bin/cmake --install /home/tom/humble_ws/p3dx_ws/build/p3dx_navigation
